[debug] [2024-08-09T19:20:15.402Z] ----------------------------------------------------------------------
[debug] [2024-08-09T19:20:15.404Z] Command:       /usr/local/bin/firebase /Users/bryanmitchell/.cache/firebase/tools/lib/node_modules/firebase-tools/lib/bin/firebase deploy --only functions
[debug] [2024-08-09T19:20:15.404Z] CLI Version:   13.1.0
[debug] [2024-08-09T19:20:15.405Z] Platform:      darwin
[debug] [2024-08-09T19:20:15.405Z] Node Version:  v18.5.0
[debug] [2024-08-09T19:20:15.411Z] Time:          Fri Aug 09 2024 15:20:15 GMT-0400 (Eastern Daylight Time)
[debug] [2024-08-09T19:20:15.411Z] ----------------------------------------------------------------------
[debug] 
[debug] [2024-08-09T19:20:15.509Z] > command requires scopes: ["email","openid","https://www.googleapis.com/auth/cloudplatformprojects.readonly","https://www.googleapis.com/auth/firebase","https://www.googleapis.com/auth/cloud-platform"]
[debug] [2024-08-09T19:20:15.512Z] > authorizing via signed-in user (bryan.bmf@gmail.com)
[debug] [2024-08-09T19:20:15.513Z] [iam] checking project anime-list-360918 for permissions ["cloudfunctions.functions.create","cloudfunctions.functions.delete","cloudfunctions.functions.get","cloudfunctions.functions.list","cloudfunctions.functions.update","cloudfunctions.operations.get","firebase.projects.get"]
[debug] [2024-08-09T19:20:15.514Z] >>> [apiv2][query] POST https://cloudresourcemanager.googleapis.com/v1/projects/anime-list-360918:testIamPermissions [none]
[debug] [2024-08-09T19:20:15.515Z] >>> [apiv2][(partial)header] POST https://cloudresourcemanager.googleapis.com/v1/projects/anime-list-360918:testIamPermissions x-goog-quota-user=projects/anime-list-360918
[debug] [2024-08-09T19:20:15.516Z] >>> [apiv2][body] POST https://cloudresourcemanager.googleapis.com/v1/projects/anime-list-360918:testIamPermissions {"permissions":["cloudfunctions.functions.create","cloudfunctions.functions.delete","cloudfunctions.functions.get","cloudfunctions.functions.list","cloudfunctions.functions.update","cloudfunctions.operations.get","firebase.projects.get"]}
[debug] [2024-08-09T19:20:16.011Z] <<< [apiv2][status] POST https://cloudresourcemanager.googleapis.com/v1/projects/anime-list-360918:testIamPermissions 200
[debug] [2024-08-09T19:20:16.016Z] <<< [apiv2][body] POST https://cloudresourcemanager.googleapis.com/v1/projects/anime-list-360918:testIamPermissions {"permissions":["cloudfunctions.functions.create","cloudfunctions.functions.delete","cloudfunctions.functions.get","cloudfunctions.functions.list","cloudfunctions.functions.update","cloudfunctions.operations.get","firebase.projects.get"]}
[debug] [2024-08-09T19:20:16.019Z] >>> [apiv2][query] POST https://iam.googleapis.com/v1/projects/anime-list-360918/serviceAccounts/anime-list-360918@appspot.gserviceaccount.com:testIamPermissions [none]
[debug] [2024-08-09T19:20:16.019Z] >>> [apiv2][body] POST https://iam.googleapis.com/v1/projects/anime-list-360918/serviceAccounts/anime-list-360918@appspot.gserviceaccount.com:testIamPermissions {"permissions":["iam.serviceAccounts.actAs"]}
[debug] [2024-08-09T19:20:16.369Z] <<< [apiv2][status] POST https://iam.googleapis.com/v1/projects/anime-list-360918/serviceAccounts/anime-list-360918@appspot.gserviceaccount.com:testIamPermissions 200
[debug] [2024-08-09T19:20:16.370Z] <<< [apiv2][body] POST https://iam.googleapis.com/v1/projects/anime-list-360918/serviceAccounts/anime-list-360918@appspot.gserviceaccount.com:testIamPermissions {"permissions":["iam.serviceAccounts.actAs"]}
[info] 
[info] === Deploying to 'anime-list-360918'...
[info] 
[info] i  deploying functions 
[debug] [2024-08-09T19:20:16.372Z] >>> [apiv2][query] GET https://firebase.googleapis.com/v1beta1/projects/anime-list-360918 [none]
[debug] [2024-08-09T19:20:16.817Z] <<< [apiv2][status] GET https://firebase.googleapis.com/v1beta1/projects/anime-list-360918 200
[debug] [2024-08-09T19:20:16.818Z] <<< [apiv2][body] GET https://firebase.googleapis.com/v1beta1/projects/anime-list-360918 {"projectId":"anime-list-360918","projectNumber":"692155030506","displayName":"anime-list","name":"projects/anime-list-360918","resources":{"hostingSite":"anime-list-360918"},"state":"ACTIVE","etag":"1_55f31dbe-c2f2-407a-bd34-e5f328685b62"}
[info] i  functions: preparing codebase default for deployment 
[info] i  functions: ensuring required API cloudfunctions.googleapis.com is enabled... 
[info] i  functions: ensuring required API cloudbuild.googleapis.com is enabled... 
[info] i  artifactregistry: ensuring required API artifactregistry.googleapis.com is enabled... 
[debug] [2024-08-09T19:20:16.822Z] >>> [apiv2][query] GET https://serviceusage.googleapis.com/v1/projects/anime-list-360918/services/cloudfunctions.googleapis.com [none]
[debug] [2024-08-09T19:20:16.822Z] >>> [apiv2][(partial)header] GET https://serviceusage.googleapis.com/v1/projects/anime-list-360918/services/cloudfunctions.googleapis.com x-goog-quota-user=projects/anime-list-360918
[debug] [2024-08-09T19:20:16.826Z] >>> [apiv2][query] GET https://serviceusage.googleapis.com/v1/projects/anime-list-360918/services/runtimeconfig.googleapis.com [none]
[debug] [2024-08-09T19:20:16.827Z] >>> [apiv2][(partial)header] GET https://serviceusage.googleapis.com/v1/projects/anime-list-360918/services/runtimeconfig.googleapis.com x-goog-quota-user=projects/anime-list-360918
[debug] [2024-08-09T19:20:16.831Z] >>> [apiv2][query] GET https://serviceusage.googleapis.com/v1/projects/anime-list-360918/services/cloudbuild.googleapis.com [none]
[debug] [2024-08-09T19:20:16.832Z] >>> [apiv2][(partial)header] GET https://serviceusage.googleapis.com/v1/projects/anime-list-360918/services/cloudbuild.googleapis.com x-goog-quota-user=projects/anime-list-360918
[debug] [2024-08-09T19:20:16.835Z] >>> [apiv2][query] GET https://serviceusage.googleapis.com/v1/projects/anime-list-360918/services/artifactregistry.googleapis.com [none]
[debug] [2024-08-09T19:20:16.835Z] >>> [apiv2][(partial)header] GET https://serviceusage.googleapis.com/v1/projects/anime-list-360918/services/artifactregistry.googleapis.com x-goog-quota-user=projects/anime-list-360918
[debug] [2024-08-09T19:20:17.471Z] <<< [apiv2][status] GET https://serviceusage.googleapis.com/v1/projects/anime-list-360918/services/cloudfunctions.googleapis.com 200
[debug] [2024-08-09T19:20:17.473Z] <<< [apiv2][body] GET https://serviceusage.googleapis.com/v1/projects/anime-list-360918/services/cloudfunctions.googleapis.com [omitted]
[info] ✔  functions: required API cloudfunctions.googleapis.com is enabled 
[debug] [2024-08-09T19:20:17.478Z] <<< [apiv2][status] GET https://serviceusage.googleapis.com/v1/projects/anime-list-360918/services/cloudbuild.googleapis.com 200
[debug] [2024-08-09T19:20:17.479Z] <<< [apiv2][body] GET https://serviceusage.googleapis.com/v1/projects/anime-list-360918/services/cloudbuild.googleapis.com [omitted]
[info] ✔  functions: required API cloudbuild.googleapis.com is enabled 
[debug] [2024-08-09T19:20:17.482Z] <<< [apiv2][status] GET https://serviceusage.googleapis.com/v1/projects/anime-list-360918/services/runtimeconfig.googleapis.com 200
[debug] [2024-08-09T19:20:17.482Z] <<< [apiv2][body] GET https://serviceusage.googleapis.com/v1/projects/anime-list-360918/services/runtimeconfig.googleapis.com [omitted]
[debug] [2024-08-09T19:20:17.483Z] <<< [apiv2][status] GET https://serviceusage.googleapis.com/v1/projects/anime-list-360918/services/artifactregistry.googleapis.com 200
[debug] [2024-08-09T19:20:17.483Z] <<< [apiv2][body] GET https://serviceusage.googleapis.com/v1/projects/anime-list-360918/services/artifactregistry.googleapis.com [omitted]
[info] ✔  artifactregistry: required API artifactregistry.googleapis.com is enabled 
[debug] [2024-08-09T19:20:17.484Z] >>> [apiv2][query] GET https://firebase.googleapis.com/v1beta1/projects/anime-list-360918/adminSdkConfig [none]
[debug] [2024-08-09T19:20:18.059Z] <<< [apiv2][status] GET https://firebase.googleapis.com/v1beta1/projects/anime-list-360918/adminSdkConfig 200
[debug] [2024-08-09T19:20:18.061Z] <<< [apiv2][body] GET https://firebase.googleapis.com/v1beta1/projects/anime-list-360918/adminSdkConfig {"projectId":"anime-list-360918","storageBucket":"anime-list-360918.appspot.com"}
[debug] [2024-08-09T19:20:18.063Z] >>> [apiv2][query] GET https://runtimeconfig.googleapis.com/v1beta1/projects/anime-list-360918/configs [none]
[debug] [2024-08-09T19:20:18.395Z] <<< [apiv2][status] GET https://runtimeconfig.googleapis.com/v1beta1/projects/anime-list-360918/configs 200
[debug] [2024-08-09T19:20:18.397Z] <<< [apiv2][body] GET https://runtimeconfig.googleapis.com/v1beta1/projects/anime-list-360918/configs {}
[debug] [2024-08-09T19:20:18.403Z] Validating nodejs source
[warn] ⚠  functions: package.json indicates an outdated version of firebase-functions. Please upgrade using npm install --save firebase-functions@latest in your functions directory. 
[warn] ⚠  functions: Please note that there will be breaking changes when you upgrade. 
[debug] [2024-08-09T19:20:19.613Z] > [functions] package.json contents: {
  "name": "functions",
  "description": "Cloud Functions for Firebase",
  "scripts": {
    "lint": "eslint .",
    "serve": "firebase emulators:start --only functions",
    "shell": "firebase functions:shell",
    "start": "npm run shell",
    "deploy": "firebase deploy --only functions",
    "logs": "firebase functions:log"
  },
  "engines": {
    "node": "18"
  },
  "main": "index.js",
  "dependencies": {
    "dotenv": "^16.4.5",
    "firebase-admin": "^11.8.0",
    "firebase-functions": "^4.3.1"
  },
  "devDependencies": {
    "eslint": "^8.15.0",
    "eslint-config-google": "^0.14.0",
    "firebase-functions-test": "^3.1.0"
  },
  "private": true
}
[debug] [2024-08-09T19:20:19.614Z] Building nodejs source
[info] i  functions: Loading and analyzing source code for codebase default to determine what to deploy 
[debug] [2024-08-09T19:20:19.616Z] Could not find functions.yaml. Must use http discovery
[debug] [2024-08-09T19:20:19.636Z] Found firebase-functions binary at '/Users/bryanmitchell/Documents/programacion/react-projects/anime-list/functions/node_modules/.bin/firebase-functions'
[info] Serving at port 8510

[debug] [2024-08-09T19:20:20.465Z] Got response from /__/functions.yaml {"endpoints":{"api":{"platform":"gcfv1","availableMemoryMb":null,"timeoutSeconds":null,"minInstances":null,"maxInstances":null,"ingressSettings":null,"serviceAccountEmail":null,"vpc":null,"httpsTrigger":{},"entryPoint":"api"}},"specVersion":"v1alpha1","requiredAPIs":[]}
[info] i  functions: Loaded environment variables from .env. 
[info] i  functions: preparing functions directory for uploading... 
[info] i  functions: packaged /Users/bryanmitchell/Documents/programacion/react-projects/anime-list/functions (2.07 KB) for uploading 
[debug] [2024-08-09T19:20:20.565Z] >>> [apiv2][query] GET https://cloudfunctions.googleapis.com/v1/projects/anime-list-360918/locations/-/functions [none]
[debug] [2024-08-09T19:20:21.254Z] <<< [apiv2][status] GET https://cloudfunctions.googleapis.com/v1/projects/anime-list-360918/locations/-/functions 200
[debug] [2024-08-09T19:20:21.254Z] <<< [apiv2][body] GET https://cloudfunctions.googleapis.com/v1/projects/anime-list-360918/locations/-/functions {"functions":[{"name":"projects/anime-list-360918/locations/us-central1/functions/api","httpsTrigger":{"url":"https://us-central1-anime-list-360918.cloudfunctions.net/api","securityLevel":"SECURE_ALWAYS"},"status":"ACTIVE","entryPoint":"api","timeout":"60s","availableMemoryMb":256,"serviceAccountEmail":"anime-list-360918@appspot.gserviceaccount.com","updateTime":"2024-08-09T19:18:16.792Z","versionId":"18","labels":{"firebase-functions-hash":"2a64e94ba1e30f9b397cc45f2f8253495233deee","deployment-tool":"cli-firebase"},"sourceUploadUrl":"https://storage.googleapis.com/uploads-949409655312.us-central1.cloudfunctions.appspot.com/99caa157-6fc7-41d1-9b3b-8ef6e3a995c5.zip","environmentVariables":{"GIPHY_KEY":"fMoQ2Ix7Y5q6kyVyt12GJ9ta8TIwSE0d","YT_KEY":"AIzaSyDkSAq_bDUmT4_XSIFDLsuWIyPdSuZMrlo","FIREBASE_CONFIG":"{\"projectId\":\"anime-list-360918\",\"storageBucket\":\"anime-list-360918.appspot.com\"}","GCLOUD_PROJECT":"anime-list-360918","EVENTARC_CLOUD_EVENT_SOURCE":"projects/anime-list-360918/locations/us-central1/functions/api"},"runtime":"nodejs18","ingressSettings":"ALLOW_ALL","buildId":"e9ac6b9a-2a7d-4119-be7c-59d0d434c0fd","buildEnvironmentVariables":{"GOOGLE_NODE_RUN_SCRIPTS":""},"buildName":"projects/692155030506/locations/us-central1/builds/e9ac6b9a-2a7d-4119-be7c-59d0d434c0fd","dockerRegistry":"ARTIFACT_REGISTRY","automaticUpdatePolicy":{},"buildServiceAccount":"692155030506-compute@developer.gserviceaccount.com"}]}
[debug] [2024-08-09T19:20:21.257Z] >>> [apiv2][query] GET https://cloudfunctions.googleapis.com/v2/projects/anime-list-360918/locations/-/functions filter=environment%3D%22GEN_2%22
[debug] [2024-08-09T19:20:22.045Z] <<< [apiv2][status] GET https://cloudfunctions.googleapis.com/v2/projects/anime-list-360918/locations/-/functions 200
[debug] [2024-08-09T19:20:22.046Z] <<< [apiv2][body] GET https://cloudfunctions.googleapis.com/v2/projects/anime-list-360918/locations/-/functions {}
[debug] [2024-08-09T19:20:22.053Z] >>> [apiv2][query] GET https://firebase.googleapis.com/v1beta1/projects/anime-list-360918 [none]
[debug] [2024-08-09T19:20:22.367Z] <<< [apiv2][status] GET https://firebase.googleapis.com/v1beta1/projects/anime-list-360918 200
[debug] [2024-08-09T19:20:22.368Z] <<< [apiv2][body] GET https://firebase.googleapis.com/v1beta1/projects/anime-list-360918 {"projectId":"anime-list-360918","projectNumber":"692155030506","displayName":"anime-list","name":"projects/anime-list-360918","resources":{"hostingSite":"anime-list-360918"},"state":"ACTIVE","etag":"1_55f31dbe-c2f2-407a-bd34-e5f328685b62"}
[debug] [2024-08-09T19:20:22.372Z] >>> [apiv2][query] POST https://cloudfunctions.googleapis.com/v1/projects/anime-list-360918/locations/us-central1/functions:generateUploadUrl [none]
[debug] [2024-08-09T19:20:22.372Z] >>> [apiv2][body] POST https://cloudfunctions.googleapis.com/v1/projects/anime-list-360918/locations/us-central1/functions:generateUploadUrl {}
[debug] [2024-08-09T19:20:23.325Z] <<< [apiv2][status] POST https://cloudfunctions.googleapis.com/v1/projects/anime-list-360918/locations/us-central1/functions:generateUploadUrl 200
[debug] [2024-08-09T19:20:23.327Z] <<< [apiv2][body] POST https://cloudfunctions.googleapis.com/v1/projects/anime-list-360918/locations/us-central1/functions:generateUploadUrl {"uploadUrl":"https://storage.googleapis.com/uploads-949409655312.us-central1.cloudfunctions.appspot.com/0603ddb6-2001-4380-86ba-e341a9d48d9b.zip?GoogleAccessId=service-692155030506@gcf-admin-robot.iam.gserviceaccount.com&Expires=1723233023&Signature=LaCTf9fG38tu7SMzIKNqfgwSSI%2F7CWw%2FhmeXoeM%2FXvYOR8ZEQ93Hoya6VYiKk92QDSQo5bcQrFfKjXvIYFJ%2Fk1vMlmVWvSY1GE4onkdwlnS0dgNJCFwhOV4zwk9uVR627aeijvxCV8MI2uoex9C9QmW%2Bwndejbt8%2Fx%2FY8kqEPRRj0UAndoBUedUqDS2WdxWf3aEvmJ1JGAj1YGgKbvjC4HOAo3AHxpuaUAYxGiyXY3g3%2FBN57vgbYy0eGeSMnQFP5H4o2OARayA32eNQpP6nb7aw6gC9ipfGCYk05%2Ftsdt%2FgWk0J19antaVNDzt6NK5106EI0NpTumDwU1XynQJJJw%3D%3D"}
[debug] [2024-08-09T19:20:23.331Z] >>> [apiv2][query] PUT https://storage.googleapis.com/uploads-949409655312.us-central1.cloudfunctions.appspot.com/0603ddb6-2001-4380-86ba-e341a9d48d9b.zip GoogleAccessId=service-692155030506%40gcf-admin-robot.iam.gserviceaccount.com&Expires=1723233023&Signature=LaCTf9fG38tu7SMzIKNqfgwSSI%2F7CWw%2FhmeXoeM%2FXvYOR8ZEQ93Hoya6VYiKk92QDSQo5bcQrFfKjXvIYFJ%2Fk1vMlmVWvSY1GE4onkdwlnS0dgNJCFwhOV4zwk9uVR627aeijvxCV8MI2uoex9C9QmW%2Bwndejbt8%2Fx%2FY8kqEPRRj0UAndoBUedUqDS2WdxWf3aEvmJ1JGAj1YGgKbvjC4HOAo3AHxpuaUAYxGiyXY3g3%2FBN57vgbYy0eGeSMnQFP5H4o2OARayA32eNQpP6nb7aw6gC9ipfGCYk05%2Ftsdt%2FgWk0J19antaVNDzt6NK5106EI0NpTumDwU1XynQJJJw%3D%3D
[debug] [2024-08-09T19:20:23.332Z] >>> [apiv2][body] PUT https://storage.googleapis.com/uploads-949409655312.us-central1.cloudfunctions.appspot.com/0603ddb6-2001-4380-86ba-e341a9d48d9b.zip [stream]
[debug] [2024-08-09T19:20:23.776Z] <<< [apiv2][status] PUT https://storage.googleapis.com/uploads-949409655312.us-central1.cloudfunctions.appspot.com/0603ddb6-2001-4380-86ba-e341a9d48d9b.zip 200
[debug] [2024-08-09T19:20:23.780Z] <<< [apiv2][body] PUT https://storage.googleapis.com/uploads-949409655312.us-central1.cloudfunctions.appspot.com/0603ddb6-2001-4380-86ba-e341a9d48d9b.zip [omitted]
[info] ✔  functions: functions folder uploaded successfully 
[info] i  functions: updating Node.js 18 (1st Gen) function api(us-central1)... 
[debug] [2024-08-09T19:20:23.787Z] >>> [apiv2][query] PATCH https://cloudfunctions.googleapis.com/v1/projects/anime-list-360918/locations/us-central1/functions/api updateMask=name%2CsourceUploadUrl%2CentryPoint%2Cruntime%2CdockerRegistry%2Clabels%2ChttpsTrigger.securityLevel%2CminInstances%2CmaxInstances%2CingressSettings%2CenvironmentVariables%2CserviceAccountEmail%2CavailableMemoryMb%2Ctimeout%2CvpcConnector%2CvpcConnectorEgressSettings%2CsourceToken%2CbuildEnvironmentVariables
[debug] [2024-08-09T19:20:23.787Z] >>> [apiv2][body] PATCH https://cloudfunctions.googleapis.com/v1/projects/anime-list-360918/locations/us-central1/functions/api {"name":"projects/anime-list-360918/locations/us-central1/functions/api","sourceUploadUrl":"https://storage.googleapis.com/uploads-949409655312.us-central1.cloudfunctions.appspot.com/0603ddb6-2001-4380-86ba-e341a9d48d9b.zip?GoogleAccessId=service-692155030506@gcf-admin-robot.iam.gserviceaccount.com&Expires=1723233023&Signature=LaCTf9fG38tu7SMzIKNqfgwSSI%2F7CWw%2FhmeXoeM%2FXvYOR8ZEQ93Hoya6VYiKk92QDSQo5bcQrFfKjXvIYFJ%2Fk1vMlmVWvSY1GE4onkdwlnS0dgNJCFwhOV4zwk9uVR627aeijvxCV8MI2uoex9C9QmW%2Bwndejbt8%2Fx%2FY8kqEPRRj0UAndoBUedUqDS2WdxWf3aEvmJ1JGAj1YGgKbvjC4HOAo3AHxpuaUAYxGiyXY3g3%2FBN57vgbYy0eGeSMnQFP5H4o2OARayA32eNQpP6nb7aw6gC9ipfGCYk05%2Ftsdt%2FgWk0J19antaVNDzt6NK5106EI0NpTumDwU1XynQJJJw%3D%3D","entryPoint":"api","runtime":"nodejs18","dockerRegistry":"ARTIFACT_REGISTRY","labels":{"deployment-tool":"cli-firebase","firebase-functions-hash":"4619ec7e9f3880fbaa417dabf7dffb052a691874"},"httpsTrigger":{"securityLevel":"SECURE_ALWAYS"},"minInstances":null,"maxInstances":null,"ingressSettings":null,"environmentVariables":{"GIPHY_KEY":"fMoQ2Ix7Y5q6kyVyt12GJ9ta8TIwSE0d","YT_KEY":"AIzaSyDkSAq_bDUmT4_XSIFDLsuWIyPdSuZMrlo","FIREBASE_CONFIG":"{\"projectId\":\"anime-list-360918\",\"storageBucket\":\"anime-list-360918.appspot.com\"}","GCLOUD_PROJECT":"anime-list-360918","EVENTARC_CLOUD_EVENT_SOURCE":"projects/anime-list-360918/locations/us-central1/functions/api"},"serviceAccountEmail":null,"availableMemoryMb":null,"timeout":null,"vpcConnector":null,"vpcConnectorEgressSettings":null,"buildEnvironmentVariables":{"GOOGLE_NODE_RUN_SCRIPTS":""}}
[debug] [2024-08-09T19:20:24.646Z] <<< [apiv2][status] PATCH https://cloudfunctions.googleapis.com/v1/projects/anime-list-360918/locations/us-central1/functions/api 200
[debug] [2024-08-09T19:20:24.652Z] <<< [apiv2][body] PATCH https://cloudfunctions.googleapis.com/v1/projects/anime-list-360918/locations/us-central1/functions/api {"name":"operations/YW5pbWUtbGlzdC0zNjA5MTgvdXMtY2VudHJhbDEvYXBpL1VfWjlPa0Vpc0xF","metadata":{"@type":"type.googleapis.com/google.cloud.functions.v1.OperationMetadataV1","target":"projects/anime-list-360918/locations/us-central1/functions/api","type":"UPDATE_FUNCTION","request":{"@type":"type.googleapis.com/google.cloud.functions.v1.CloudFunction","name":"projects/anime-list-360918/locations/us-central1/functions/api","httpsTrigger":{"url":"https://us-central1-anime-list-360918.cloudfunctions.net/api","securityLevel":"SECURE_ALWAYS"},"status":"ACTIVE","entryPoint":"api","updateTime":"2024-08-09T19:18:16.792Z","versionId":"18","labels":{"deployment-tool":"cli-firebase","firebase-functions-hash":"4619ec7e9f3880fbaa417dabf7dffb052a691874"},"sourceUploadUrl":"https://storage.googleapis.com/uploads-949409655312.us-central1.cloudfunctions.appspot.com/0603ddb6-2001-4380-86ba-e341a9d48d9b.zip?GoogleAccessId=service-692155030506@gcf-admin-robot.iam.gserviceaccount.com&Expires=1723233023&Signature=LaCTf9fG38tu7SMzIKNqfgwSSI%2F7CWw%2FhmeXoeM%2FXvYOR8ZEQ93Hoya6VYiKk92QDSQo5bcQrFfKjXvIYFJ%2Fk1vMlmVWvSY1GE4onkdwlnS0dgNJCFwhOV4zwk9uVR627aeijvxCV8MI2uoex9C9QmW%2Bwndejbt8%2Fx%2FY8kqEPRRj0UAndoBUedUqDS2WdxWf3aEvmJ1JGAj1YGgKbvjC4HOAo3AHxpuaUAYxGiyXY3g3%2FBN57vgbYy0eGeSMnQFP5H4o2OARayA32eNQpP6nb7aw6gC9ipfGCYk05%2Ftsdt%2FgWk0J19antaVNDzt6NK5106EI0NpTumDwU1XynQJJJw%3D%3D","environmentVariables":{"GIPHY_KEY":"fMoQ2Ix7Y5q6kyVyt12GJ9ta8TIwSE0d","YT_KEY":"AIzaSyDkSAq_bDUmT4_XSIFDLsuWIyPdSuZMrlo","FIREBASE_CONFIG":"{\"projectId\":\"anime-list-360918\",\"storageBucket\":\"anime-list-360918.appspot.com\"}","GCLOUD_PROJECT":"anime-list-360918","EVENTARC_CLOUD_EVENT_SOURCE":"projects/anime-list-360918/locations/us-central1/functions/api"},"runtime":"nodejs18","buildId":"e9ac6b9a-2a7d-4119-be7c-59d0d434c0fd","buildEnvironmentVariables":{"GOOGLE_NODE_RUN_SCRIPTS":""},"buildName":"projects/692155030506/locations/us-central1/builds/e9ac6b9a-2a7d-4119-be7c-59d0d434c0fd","dockerRegistry":"ARTIFACT_REGISTRY","automaticUpdatePolicy":{},"buildServiceAccount":"692155030506-compute@developer.gserviceaccount.com"},"versionId":"19","updateTime":"2024-08-09T19:20:24Z"}}
[debug] [2024-08-09T19:20:24.657Z] >>> [apiv2][query] GET https://cloudfunctions.googleapis.com/v1/operations/YW5pbWUtbGlzdC0zNjA5MTgvdXMtY2VudHJhbDEvYXBpL1VfWjlPa0Vpc0xF [none]
[debug] [2024-08-09T19:20:24.991Z] <<< [apiv2][status] GET https://cloudfunctions.googleapis.com/v1/operations/YW5pbWUtbGlzdC0zNjA5MTgvdXMtY2VudHJhbDEvYXBpL1VfWjlPa0Vpc0xF 200
[debug] [2024-08-09T19:20:24.992Z] <<< [apiv2][body] GET https://cloudfunctions.googleapis.com/v1/operations/YW5pbWUtbGlzdC0zNjA5MTgvdXMtY2VudHJhbDEvYXBpL1VfWjlPa0Vpc0xF {"name":"operations/YW5pbWUtbGlzdC0zNjA5MTgvdXMtY2VudHJhbDEvYXBpL1VfWjlPa0Vpc0xF","metadata":{"@type":"type.googleapis.com/google.cloud.functions.v1.OperationMetadataV1","target":"projects/anime-list-360918/locations/us-central1/functions/api","type":"UPDATE_FUNCTION","request":{"@type":"type.googleapis.com/google.cloud.functions.v1.CloudFunction","name":"projects/anime-list-360918/locations/us-central1/functions/api","httpsTrigger":{"url":"https://us-central1-anime-list-360918.cloudfunctions.net/api","securityLevel":"SECURE_ALWAYS"},"status":"ACTIVE","entryPoint":"api","updateTime":"2024-08-09T19:18:16.792Z","versionId":"18","labels":{"deployment-tool":"cli-firebase","firebase-functions-hash":"4619ec7e9f3880fbaa417dabf7dffb052a691874"},"sourceUploadUrl":"https://storage.googleapis.com/uploads-949409655312.us-central1.cloudfunctions.appspot.com/0603ddb6-2001-4380-86ba-e341a9d48d9b.zip?GoogleAccessId=service-692155030506@gcf-admin-robot.iam.gserviceaccount.com&Expires=1723233023&Signature=LaCTf9fG38tu7SMzIKNqfgwSSI%2F7CWw%2FhmeXoeM%2FXvYOR8ZEQ93Hoya6VYiKk92QDSQo5bcQrFfKjXvIYFJ%2Fk1vMlmVWvSY1GE4onkdwlnS0dgNJCFwhOV4zwk9uVR627aeijvxCV8MI2uoex9C9QmW%2Bwndejbt8%2Fx%2FY8kqEPRRj0UAndoBUedUqDS2WdxWf3aEvmJ1JGAj1YGgKbvjC4HOAo3AHxpuaUAYxGiyXY3g3%2FBN57vgbYy0eGeSMnQFP5H4o2OARayA32eNQpP6nb7aw6gC9ipfGCYk05%2Ftsdt%2FgWk0J19antaVNDzt6NK5106EI0NpTumDwU1XynQJJJw%3D%3D","environmentVariables":{"GIPHY_KEY":"fMoQ2Ix7Y5q6kyVyt12GJ9ta8TIwSE0d","YT_KEY":"AIzaSyDkSAq_bDUmT4_XSIFDLsuWIyPdSuZMrlo","FIREBASE_CONFIG":"{\"projectId\":\"anime-list-360918\",\"storageBucket\":\"anime-list-360918.appspot.com\"}","GCLOUD_PROJECT":"anime-list-360918","EVENTARC_CLOUD_EVENT_SOURCE":"projects/anime-list-360918/locations/us-central1/functions/api"},"runtime":"nodejs18","buildId":"e9ac6b9a-2a7d-4119-be7c-59d0d434c0fd","buildEnvironmentVariables":{"GOOGLE_NODE_RUN_SCRIPTS":""},"buildName":"projects/692155030506/locations/us-central1/builds/e9ac6b9a-2a7d-4119-be7c-59d0d434c0fd","dockerRegistry":"ARTIFACT_REGISTRY","automaticUpdatePolicy":{},"buildServiceAccount":"692155030506-compute@developer.gserviceaccount.com"},"versionId":"19","updateTime":"2024-08-09T19:20:24Z"}}
[debug] [2024-08-09T19:20:25.497Z] [update-default-us-central1-api] Retrying task index 0
[debug] [2024-08-09T19:20:25.500Z] >>> [apiv2][query] GET https://cloudfunctions.googleapis.com/v1/operations/YW5pbWUtbGlzdC0zNjA5MTgvdXMtY2VudHJhbDEvYXBpL1VfWjlPa0Vpc0xF [none]
[debug] [2024-08-09T19:20:25.851Z] <<< [apiv2][status] GET https://cloudfunctions.googleapis.com/v1/operations/YW5pbWUtbGlzdC0zNjA5MTgvdXMtY2VudHJhbDEvYXBpL1VfWjlPa0Vpc0xF 200
[debug] [2024-08-09T19:20:25.851Z] <<< [apiv2][body] GET https://cloudfunctions.googleapis.com/v1/operations/YW5pbWUtbGlzdC0zNjA5MTgvdXMtY2VudHJhbDEvYXBpL1VfWjlPa0Vpc0xF {"name":"operations/YW5pbWUtbGlzdC0zNjA5MTgvdXMtY2VudHJhbDEvYXBpL1VfWjlPa0Vpc0xF","metadata":{"@type":"type.googleapis.com/google.cloud.functions.v1.OperationMetadataV1","target":"projects/anime-list-360918/locations/us-central1/functions/api","type":"UPDATE_FUNCTION","request":{"@type":"type.googleapis.com/google.cloud.functions.v1.CloudFunction","name":"projects/anime-list-360918/locations/us-central1/functions/api","httpsTrigger":{"url":"https://us-central1-anime-list-360918.cloudfunctions.net/api","securityLevel":"SECURE_ALWAYS"},"status":"ACTIVE","entryPoint":"api","updateTime":"2024-08-09T19:18:16.792Z","versionId":"18","labels":{"deployment-tool":"cli-firebase","firebase-functions-hash":"4619ec7e9f3880fbaa417dabf7dffb052a691874"},"sourceUploadUrl":"https://storage.googleapis.com/uploads-949409655312.us-central1.cloudfunctions.appspot.com/0603ddb6-2001-4380-86ba-e341a9d48d9b.zip?GoogleAccessId=service-692155030506@gcf-admin-robot.iam.gserviceaccount.com&Expires=1723233023&Signature=LaCTf9fG38tu7SMzIKNqfgwSSI%2F7CWw%2FhmeXoeM%2FXvYOR8ZEQ93Hoya6VYiKk92QDSQo5bcQrFfKjXvIYFJ%2Fk1vMlmVWvSY1GE4onkdwlnS0dgNJCFwhOV4zwk9uVR627aeijvxCV8MI2uoex9C9QmW%2Bwndejbt8%2Fx%2FY8kqEPRRj0UAndoBUedUqDS2WdxWf3aEvmJ1JGAj1YGgKbvjC4HOAo3AHxpuaUAYxGiyXY3g3%2FBN57vgbYy0eGeSMnQFP5H4o2OARayA32eNQpP6nb7aw6gC9ipfGCYk05%2Ftsdt%2FgWk0J19antaVNDzt6NK5106EI0NpTumDwU1XynQJJJw%3D%3D","environmentVariables":{"GIPHY_KEY":"fMoQ2Ix7Y5q6kyVyt12GJ9ta8TIwSE0d","YT_KEY":"AIzaSyDkSAq_bDUmT4_XSIFDLsuWIyPdSuZMrlo","FIREBASE_CONFIG":"{\"projectId\":\"anime-list-360918\",\"storageBucket\":\"anime-list-360918.appspot.com\"}","GCLOUD_PROJECT":"anime-list-360918","EVENTARC_CLOUD_EVENT_SOURCE":"projects/anime-list-360918/locations/us-central1/functions/api"},"runtime":"nodejs18","buildId":"e9ac6b9a-2a7d-4119-be7c-59d0d434c0fd","buildEnvironmentVariables":{"GOOGLE_NODE_RUN_SCRIPTS":""},"buildName":"projects/692155030506/locations/us-central1/builds/e9ac6b9a-2a7d-4119-be7c-59d0d434c0fd","dockerRegistry":"ARTIFACT_REGISTRY","automaticUpdatePolicy":{},"buildServiceAccount":"692155030506-compute@developer.gserviceaccount.com"},"versionId":"19","updateTime":"2024-08-09T19:20:24Z","buildId":"1699ad20-e5a0-4fd2-b9fa-833cf0bd0337","buildName":"projects/692155030506/locations/us-central1/builds/1699ad20-e5a0-4fd2-b9fa-833cf0bd0337"}}
[debug] [2024-08-09T19:20:26.854Z] [update-default-us-central1-api] Retrying task index 0
[debug] [2024-08-09T19:20:26.856Z] >>> [apiv2][query] GET https://cloudfunctions.googleapis.com/v1/operations/YW5pbWUtbGlzdC0zNjA5MTgvdXMtY2VudHJhbDEvYXBpL1VfWjlPa0Vpc0xF [none]
[debug] [2024-08-09T19:20:27.236Z] <<< [apiv2][status] GET https://cloudfunctions.googleapis.com/v1/operations/YW5pbWUtbGlzdC0zNjA5MTgvdXMtY2VudHJhbDEvYXBpL1VfWjlPa0Vpc0xF 200
[debug] [2024-08-09T19:20:27.236Z] <<< [apiv2][body] GET https://cloudfunctions.googleapis.com/v1/operations/YW5pbWUtbGlzdC0zNjA5MTgvdXMtY2VudHJhbDEvYXBpL1VfWjlPa0Vpc0xF {"name":"operations/YW5pbWUtbGlzdC0zNjA5MTgvdXMtY2VudHJhbDEvYXBpL1VfWjlPa0Vpc0xF","metadata":{"@type":"type.googleapis.com/google.cloud.functions.v1.OperationMetadataV1","target":"projects/anime-list-360918/locations/us-central1/functions/api","type":"UPDATE_FUNCTION","request":{"@type":"type.googleapis.com/google.cloud.functions.v1.CloudFunction","name":"projects/anime-list-360918/locations/us-central1/functions/api","httpsTrigger":{"url":"https://us-central1-anime-list-360918.cloudfunctions.net/api","securityLevel":"SECURE_ALWAYS"},"status":"ACTIVE","entryPoint":"api","updateTime":"2024-08-09T19:18:16.792Z","versionId":"18","labels":{"deployment-tool":"cli-firebase","firebase-functions-hash":"4619ec7e9f3880fbaa417dabf7dffb052a691874"},"sourceUploadUrl":"https://storage.googleapis.com/uploads-949409655312.us-central1.cloudfunctions.appspot.com/0603ddb6-2001-4380-86ba-e341a9d48d9b.zip?GoogleAccessId=service-692155030506@gcf-admin-robot.iam.gserviceaccount.com&Expires=1723233023&Signature=LaCTf9fG38tu7SMzIKNqfgwSSI%2F7CWw%2FhmeXoeM%2FXvYOR8ZEQ93Hoya6VYiKk92QDSQo5bcQrFfKjXvIYFJ%2Fk1vMlmVWvSY1GE4onkdwlnS0dgNJCFwhOV4zwk9uVR627aeijvxCV8MI2uoex9C9QmW%2Bwndejbt8%2Fx%2FY8kqEPRRj0UAndoBUedUqDS2WdxWf3aEvmJ1JGAj1YGgKbvjC4HOAo3AHxpuaUAYxGiyXY3g3%2FBN57vgbYy0eGeSMnQFP5H4o2OARayA32eNQpP6nb7aw6gC9ipfGCYk05%2Ftsdt%2FgWk0J19antaVNDzt6NK5106EI0NpTumDwU1XynQJJJw%3D%3D","environmentVariables":{"GIPHY_KEY":"fMoQ2Ix7Y5q6kyVyt12GJ9ta8TIwSE0d","YT_KEY":"AIzaSyDkSAq_bDUmT4_XSIFDLsuWIyPdSuZMrlo","FIREBASE_CONFIG":"{\"projectId\":\"anime-list-360918\",\"storageBucket\":\"anime-list-360918.appspot.com\"}","GCLOUD_PROJECT":"anime-list-360918","EVENTARC_CLOUD_EVENT_SOURCE":"projects/anime-list-360918/locations/us-central1/functions/api"},"runtime":"nodejs18","buildId":"e9ac6b9a-2a7d-4119-be7c-59d0d434c0fd","buildEnvironmentVariables":{"GOOGLE_NODE_RUN_SCRIPTS":""},"buildName":"projects/692155030506/locations/us-central1/builds/e9ac6b9a-2a7d-4119-be7c-59d0d434c0fd","dockerRegistry":"ARTIFACT_REGISTRY","automaticUpdatePolicy":{},"buildServiceAccount":"692155030506-compute@developer.gserviceaccount.com"},"versionId":"19","updateTime":"2024-08-09T19:20:24Z","buildId":"1699ad20-e5a0-4fd2-b9fa-833cf0bd0337","buildName":"projects/692155030506/locations/us-central1/builds/1699ad20-e5a0-4fd2-b9fa-833cf0bd0337"}}
[debug] [2024-08-09T19:20:29.239Z] [update-default-us-central1-api] Retrying task index 0
[debug] [2024-08-09T19:20:29.243Z] >>> [apiv2][query] GET https://cloudfunctions.googleapis.com/v1/operations/YW5pbWUtbGlzdC0zNjA5MTgvdXMtY2VudHJhbDEvYXBpL1VfWjlPa0Vpc0xF [none]
[debug] [2024-08-09T19:20:29.609Z] <<< [apiv2][status] GET https://cloudfunctions.googleapis.com/v1/operations/YW5pbWUtbGlzdC0zNjA5MTgvdXMtY2VudHJhbDEvYXBpL1VfWjlPa0Vpc0xF 200
[debug] [2024-08-09T19:20:29.610Z] <<< [apiv2][body] GET https://cloudfunctions.googleapis.com/v1/operations/YW5pbWUtbGlzdC0zNjA5MTgvdXMtY2VudHJhbDEvYXBpL1VfWjlPa0Vpc0xF {"name":"operations/YW5pbWUtbGlzdC0zNjA5MTgvdXMtY2VudHJhbDEvYXBpL1VfWjlPa0Vpc0xF","metadata":{"@type":"type.googleapis.com/google.cloud.functions.v1.OperationMetadataV1","target":"projects/anime-list-360918/locations/us-central1/functions/api","type":"UPDATE_FUNCTION","request":{"@type":"type.googleapis.com/google.cloud.functions.v1.CloudFunction","name":"projects/anime-list-360918/locations/us-central1/functions/api","httpsTrigger":{"url":"https://us-central1-anime-list-360918.cloudfunctions.net/api","securityLevel":"SECURE_ALWAYS"},"status":"ACTIVE","entryPoint":"api","updateTime":"2024-08-09T19:18:16.792Z","versionId":"18","labels":{"deployment-tool":"cli-firebase","firebase-functions-hash":"4619ec7e9f3880fbaa417dabf7dffb052a691874"},"sourceUploadUrl":"https://storage.googleapis.com/uploads-949409655312.us-central1.cloudfunctions.appspot.com/0603ddb6-2001-4380-86ba-e341a9d48d9b.zip?GoogleAccessId=service-692155030506@gcf-admin-robot.iam.gserviceaccount.com&Expires=1723233023&Signature=LaCTf9fG38tu7SMzIKNqfgwSSI%2F7CWw%2FhmeXoeM%2FXvYOR8ZEQ93Hoya6VYiKk92QDSQo5bcQrFfKjXvIYFJ%2Fk1vMlmVWvSY1GE4onkdwlnS0dgNJCFwhOV4zwk9uVR627aeijvxCV8MI2uoex9C9QmW%2Bwndejbt8%2Fx%2FY8kqEPRRj0UAndoBUedUqDS2WdxWf3aEvmJ1JGAj1YGgKbvjC4HOAo3AHxpuaUAYxGiyXY3g3%2FBN57vgbYy0eGeSMnQFP5H4o2OARayA32eNQpP6nb7aw6gC9ipfGCYk05%2Ftsdt%2FgWk0J19antaVNDzt6NK5106EI0NpTumDwU1XynQJJJw%3D%3D","environmentVariables":{"GIPHY_KEY":"fMoQ2Ix7Y5q6kyVyt12GJ9ta8TIwSE0d","YT_KEY":"AIzaSyDkSAq_bDUmT4_XSIFDLsuWIyPdSuZMrlo","FIREBASE_CONFIG":"{\"projectId\":\"anime-list-360918\",\"storageBucket\":\"anime-list-360918.appspot.com\"}","GCLOUD_PROJECT":"anime-list-360918","EVENTARC_CLOUD_EVENT_SOURCE":"projects/anime-list-360918/locations/us-central1/functions/api"},"runtime":"nodejs18","buildId":"e9ac6b9a-2a7d-4119-be7c-59d0d434c0fd","buildEnvironmentVariables":{"GOOGLE_NODE_RUN_SCRIPTS":""},"buildName":"projects/692155030506/locations/us-central1/builds/e9ac6b9a-2a7d-4119-be7c-59d0d434c0fd","dockerRegistry":"ARTIFACT_REGISTRY","automaticUpdatePolicy":{},"buildServiceAccount":"692155030506-compute@developer.gserviceaccount.com"},"versionId":"19","updateTime":"2024-08-09T19:20:24Z","buildId":"1699ad20-e5a0-4fd2-b9fa-833cf0bd0337","buildName":"projects/692155030506/locations/us-central1/builds/1699ad20-e5a0-4fd2-b9fa-833cf0bd0337"}}
[debug] [2024-08-09T19:20:33.614Z] [update-default-us-central1-api] Retrying task index 0
[debug] [2024-08-09T19:20:33.620Z] >>> [apiv2][query] GET https://cloudfunctions.googleapis.com/v1/operations/YW5pbWUtbGlzdC0zNjA5MTgvdXMtY2VudHJhbDEvYXBpL1VfWjlPa0Vpc0xF [none]
[debug] [2024-08-09T19:20:34.051Z] <<< [apiv2][status] GET https://cloudfunctions.googleapis.com/v1/operations/YW5pbWUtbGlzdC0zNjA5MTgvdXMtY2VudHJhbDEvYXBpL1VfWjlPa0Vpc0xF 200
[debug] [2024-08-09T19:20:34.051Z] <<< [apiv2][body] GET https://cloudfunctions.googleapis.com/v1/operations/YW5pbWUtbGlzdC0zNjA5MTgvdXMtY2VudHJhbDEvYXBpL1VfWjlPa0Vpc0xF {"name":"operations/YW5pbWUtbGlzdC0zNjA5MTgvdXMtY2VudHJhbDEvYXBpL1VfWjlPa0Vpc0xF","metadata":{"@type":"type.googleapis.com/google.cloud.functions.v1.OperationMetadataV1","target":"projects/anime-list-360918/locations/us-central1/functions/api","type":"UPDATE_FUNCTION","request":{"@type":"type.googleapis.com/google.cloud.functions.v1.CloudFunction","name":"projects/anime-list-360918/locations/us-central1/functions/api","httpsTrigger":{"url":"https://us-central1-anime-list-360918.cloudfunctions.net/api","securityLevel":"SECURE_ALWAYS"},"status":"ACTIVE","entryPoint":"api","updateTime":"2024-08-09T19:18:16.792Z","versionId":"18","labels":{"deployment-tool":"cli-firebase","firebase-functions-hash":"4619ec7e9f3880fbaa417dabf7dffb052a691874"},"sourceUploadUrl":"https://storage.googleapis.com/uploads-949409655312.us-central1.cloudfunctions.appspot.com/0603ddb6-2001-4380-86ba-e341a9d48d9b.zip?GoogleAccessId=service-692155030506@gcf-admin-robot.iam.gserviceaccount.com&Expires=1723233023&Signature=LaCTf9fG38tu7SMzIKNqfgwSSI%2F7CWw%2FhmeXoeM%2FXvYOR8ZEQ93Hoya6VYiKk92QDSQo5bcQrFfKjXvIYFJ%2Fk1vMlmVWvSY1GE4onkdwlnS0dgNJCFwhOV4zwk9uVR627aeijvxCV8MI2uoex9C9QmW%2Bwndejbt8%2Fx%2FY8kqEPRRj0UAndoBUedUqDS2WdxWf3aEvmJ1JGAj1YGgKbvjC4HOAo3AHxpuaUAYxGiyXY3g3%2FBN57vgbYy0eGeSMnQFP5H4o2OARayA32eNQpP6nb7aw6gC9ipfGCYk05%2Ftsdt%2FgWk0J19antaVNDzt6NK5106EI0NpTumDwU1XynQJJJw%3D%3D","environmentVariables":{"GIPHY_KEY":"fMoQ2Ix7Y5q6kyVyt12GJ9ta8TIwSE0d","YT_KEY":"AIzaSyDkSAq_bDUmT4_XSIFDLsuWIyPdSuZMrlo","FIREBASE_CONFIG":"{\"projectId\":\"anime-list-360918\",\"storageBucket\":\"anime-list-360918.appspot.com\"}","GCLOUD_PROJECT":"anime-list-360918","EVENTARC_CLOUD_EVENT_SOURCE":"projects/anime-list-360918/locations/us-central1/functions/api"},"runtime":"nodejs18","buildId":"e9ac6b9a-2a7d-4119-be7c-59d0d434c0fd","buildEnvironmentVariables":{"GOOGLE_NODE_RUN_SCRIPTS":""},"buildName":"projects/692155030506/locations/us-central1/builds/e9ac6b9a-2a7d-4119-be7c-59d0d434c0fd","dockerRegistry":"ARTIFACT_REGISTRY","automaticUpdatePolicy":{},"buildServiceAccount":"692155030506-compute@developer.gserviceaccount.com"},"versionId":"19","updateTime":"2024-08-09T19:20:24Z","buildId":"1699ad20-e5a0-4fd2-b9fa-833cf0bd0337","buildName":"projects/692155030506/locations/us-central1/builds/1699ad20-e5a0-4fd2-b9fa-833cf0bd0337"}}
[debug] [2024-08-09T19:20:42.053Z] [update-default-us-central1-api] Retrying task index 0
[debug] [2024-08-09T19:20:42.055Z] >>> [apiv2][query] GET https://cloudfunctions.googleapis.com/v1/operations/YW5pbWUtbGlzdC0zNjA5MTgvdXMtY2VudHJhbDEvYXBpL1VfWjlPa0Vpc0xF [none]
[debug] [2024-08-09T19:20:42.449Z] <<< [apiv2][status] GET https://cloudfunctions.googleapis.com/v1/operations/YW5pbWUtbGlzdC0zNjA5MTgvdXMtY2VudHJhbDEvYXBpL1VfWjlPa0Vpc0xF 200
[debug] [2024-08-09T19:20:42.449Z] <<< [apiv2][body] GET https://cloudfunctions.googleapis.com/v1/operations/YW5pbWUtbGlzdC0zNjA5MTgvdXMtY2VudHJhbDEvYXBpL1VfWjlPa0Vpc0xF {"name":"operations/YW5pbWUtbGlzdC0zNjA5MTgvdXMtY2VudHJhbDEvYXBpL1VfWjlPa0Vpc0xF","metadata":{"@type":"type.googleapis.com/google.cloud.functions.v1.OperationMetadataV1","target":"projects/anime-list-360918/locations/us-central1/functions/api","type":"UPDATE_FUNCTION","request":{"@type":"type.googleapis.com/google.cloud.functions.v1.CloudFunction","name":"projects/anime-list-360918/locations/us-central1/functions/api","httpsTrigger":{"url":"https://us-central1-anime-list-360918.cloudfunctions.net/api","securityLevel":"SECURE_ALWAYS"},"status":"ACTIVE","entryPoint":"api","updateTime":"2024-08-09T19:18:16.792Z","versionId":"18","labels":{"deployment-tool":"cli-firebase","firebase-functions-hash":"4619ec7e9f3880fbaa417dabf7dffb052a691874"},"sourceUploadUrl":"https://storage.googleapis.com/uploads-949409655312.us-central1.cloudfunctions.appspot.com/0603ddb6-2001-4380-86ba-e341a9d48d9b.zip?GoogleAccessId=service-692155030506@gcf-admin-robot.iam.gserviceaccount.com&Expires=1723233023&Signature=LaCTf9fG38tu7SMzIKNqfgwSSI%2F7CWw%2FhmeXoeM%2FXvYOR8ZEQ93Hoya6VYiKk92QDSQo5bcQrFfKjXvIYFJ%2Fk1vMlmVWvSY1GE4onkdwlnS0dgNJCFwhOV4zwk9uVR627aeijvxCV8MI2uoex9C9QmW%2Bwndejbt8%2Fx%2FY8kqEPRRj0UAndoBUedUqDS2WdxWf3aEvmJ1JGAj1YGgKbvjC4HOAo3AHxpuaUAYxGiyXY3g3%2FBN57vgbYy0eGeSMnQFP5H4o2OARayA32eNQpP6nb7aw6gC9ipfGCYk05%2Ftsdt%2FgWk0J19antaVNDzt6NK5106EI0NpTumDwU1XynQJJJw%3D%3D","environmentVariables":{"GIPHY_KEY":"fMoQ2Ix7Y5q6kyVyt12GJ9ta8TIwSE0d","YT_KEY":"AIzaSyDkSAq_bDUmT4_XSIFDLsuWIyPdSuZMrlo","FIREBASE_CONFIG":"{\"projectId\":\"anime-list-360918\",\"storageBucket\":\"anime-list-360918.appspot.com\"}","GCLOUD_PROJECT":"anime-list-360918","EVENTARC_CLOUD_EVENT_SOURCE":"projects/anime-list-360918/locations/us-central1/functions/api"},"runtime":"nodejs18","buildId":"e9ac6b9a-2a7d-4119-be7c-59d0d434c0fd","buildEnvironmentVariables":{"GOOGLE_NODE_RUN_SCRIPTS":""},"buildName":"projects/692155030506/locations/us-central1/builds/e9ac6b9a-2a7d-4119-be7c-59d0d434c0fd","dockerRegistry":"ARTIFACT_REGISTRY","automaticUpdatePolicy":{},"buildServiceAccount":"692155030506-compute@developer.gserviceaccount.com"},"versionId":"19","updateTime":"2024-08-09T19:20:24Z","buildId":"1699ad20-e5a0-4fd2-b9fa-833cf0bd0337","buildName":"projects/692155030506/locations/us-central1/builds/1699ad20-e5a0-4fd2-b9fa-833cf0bd0337"}}
[debug] [2024-08-09T19:20:52.455Z] [update-default-us-central1-api] Retrying task index 0
[debug] [2024-08-09T19:20:52.463Z] >>> [apiv2][query] GET https://cloudfunctions.googleapis.com/v1/operations/YW5pbWUtbGlzdC0zNjA5MTgvdXMtY2VudHJhbDEvYXBpL1VfWjlPa0Vpc0xF [none]
[debug] [2024-08-09T19:20:52.844Z] <<< [apiv2][status] GET https://cloudfunctions.googleapis.com/v1/operations/YW5pbWUtbGlzdC0zNjA5MTgvdXMtY2VudHJhbDEvYXBpL1VfWjlPa0Vpc0xF 200
[debug] [2024-08-09T19:20:52.845Z] <<< [apiv2][body] GET https://cloudfunctions.googleapis.com/v1/operations/YW5pbWUtbGlzdC0zNjA5MTgvdXMtY2VudHJhbDEvYXBpL1VfWjlPa0Vpc0xF {"name":"operations/YW5pbWUtbGlzdC0zNjA5MTgvdXMtY2VudHJhbDEvYXBpL1VfWjlPa0Vpc0xF","metadata":{"@type":"type.googleapis.com/google.cloud.functions.v1.OperationMetadataV1","target":"projects/anime-list-360918/locations/us-central1/functions/api","type":"UPDATE_FUNCTION","request":{"@type":"type.googleapis.com/google.cloud.functions.v1.CloudFunction","name":"projects/anime-list-360918/locations/us-central1/functions/api","httpsTrigger":{"url":"https://us-central1-anime-list-360918.cloudfunctions.net/api","securityLevel":"SECURE_ALWAYS"},"status":"ACTIVE","entryPoint":"api","updateTime":"2024-08-09T19:18:16.792Z","versionId":"18","labels":{"deployment-tool":"cli-firebase","firebase-functions-hash":"4619ec7e9f3880fbaa417dabf7dffb052a691874"},"sourceUploadUrl":"https://storage.googleapis.com/uploads-949409655312.us-central1.cloudfunctions.appspot.com/0603ddb6-2001-4380-86ba-e341a9d48d9b.zip?GoogleAccessId=service-692155030506@gcf-admin-robot.iam.gserviceaccount.com&Expires=1723233023&Signature=LaCTf9fG38tu7SMzIKNqfgwSSI%2F7CWw%2FhmeXoeM%2FXvYOR8ZEQ93Hoya6VYiKk92QDSQo5bcQrFfKjXvIYFJ%2Fk1vMlmVWvSY1GE4onkdwlnS0dgNJCFwhOV4zwk9uVR627aeijvxCV8MI2uoex9C9QmW%2Bwndejbt8%2Fx%2FY8kqEPRRj0UAndoBUedUqDS2WdxWf3aEvmJ1JGAj1YGgKbvjC4HOAo3AHxpuaUAYxGiyXY3g3%2FBN57vgbYy0eGeSMnQFP5H4o2OARayA32eNQpP6nb7aw6gC9ipfGCYk05%2Ftsdt%2FgWk0J19antaVNDzt6NK5106EI0NpTumDwU1XynQJJJw%3D%3D","environmentVariables":{"GIPHY_KEY":"fMoQ2Ix7Y5q6kyVyt12GJ9ta8TIwSE0d","YT_KEY":"AIzaSyDkSAq_bDUmT4_XSIFDLsuWIyPdSuZMrlo","FIREBASE_CONFIG":"{\"projectId\":\"anime-list-360918\",\"storageBucket\":\"anime-list-360918.appspot.com\"}","GCLOUD_PROJECT":"anime-list-360918","EVENTARC_CLOUD_EVENT_SOURCE":"projects/anime-list-360918/locations/us-central1/functions/api"},"runtime":"nodejs18","buildId":"e9ac6b9a-2a7d-4119-be7c-59d0d434c0fd","buildEnvironmentVariables":{"GOOGLE_NODE_RUN_SCRIPTS":""},"buildName":"projects/692155030506/locations/us-central1/builds/e9ac6b9a-2a7d-4119-be7c-59d0d434c0fd","dockerRegistry":"ARTIFACT_REGISTRY","automaticUpdatePolicy":{},"buildServiceAccount":"692155030506-compute@developer.gserviceaccount.com"},"versionId":"19","updateTime":"2024-08-09T19:20:24Z","buildId":"1699ad20-e5a0-4fd2-b9fa-833cf0bd0337","buildName":"projects/692155030506/locations/us-central1/builds/1699ad20-e5a0-4fd2-b9fa-833cf0bd0337"}}
[debug] [2024-08-09T19:21:02.851Z] [update-default-us-central1-api] Retrying task index 0
[debug] [2024-08-09T19:21:02.858Z] >>> [apiv2][query] GET https://cloudfunctions.googleapis.com/v1/operations/YW5pbWUtbGlzdC0zNjA5MTgvdXMtY2VudHJhbDEvYXBpL1VfWjlPa0Vpc0xF [none]
[debug] [2024-08-09T19:21:03.296Z] <<< [apiv2][status] GET https://cloudfunctions.googleapis.com/v1/operations/YW5pbWUtbGlzdC0zNjA5MTgvdXMtY2VudHJhbDEvYXBpL1VfWjlPa0Vpc0xF 200
[debug] [2024-08-09T19:21:03.296Z] <<< [apiv2][body] GET https://cloudfunctions.googleapis.com/v1/operations/YW5pbWUtbGlzdC0zNjA5MTgvdXMtY2VudHJhbDEvYXBpL1VfWjlPa0Vpc0xF {"name":"operations/YW5pbWUtbGlzdC0zNjA5MTgvdXMtY2VudHJhbDEvYXBpL1VfWjlPa0Vpc0xF","metadata":{"@type":"type.googleapis.com/google.cloud.functions.v1.OperationMetadataV1","target":"projects/anime-list-360918/locations/us-central1/functions/api","type":"UPDATE_FUNCTION","request":{"@type":"type.googleapis.com/google.cloud.functions.v1.CloudFunction","name":"projects/anime-list-360918/locations/us-central1/functions/api","httpsTrigger":{"url":"https://us-central1-anime-list-360918.cloudfunctions.net/api","securityLevel":"SECURE_ALWAYS"},"status":"ACTIVE","entryPoint":"api","updateTime":"2024-08-09T19:18:16.792Z","versionId":"18","labels":{"deployment-tool":"cli-firebase","firebase-functions-hash":"4619ec7e9f3880fbaa417dabf7dffb052a691874"},"sourceUploadUrl":"https://storage.googleapis.com/uploads-949409655312.us-central1.cloudfunctions.appspot.com/0603ddb6-2001-4380-86ba-e341a9d48d9b.zip?GoogleAccessId=service-692155030506@gcf-admin-robot.iam.gserviceaccount.com&Expires=1723233023&Signature=LaCTf9fG38tu7SMzIKNqfgwSSI%2F7CWw%2FhmeXoeM%2FXvYOR8ZEQ93Hoya6VYiKk92QDSQo5bcQrFfKjXvIYFJ%2Fk1vMlmVWvSY1GE4onkdwlnS0dgNJCFwhOV4zwk9uVR627aeijvxCV8MI2uoex9C9QmW%2Bwndejbt8%2Fx%2FY8kqEPRRj0UAndoBUedUqDS2WdxWf3aEvmJ1JGAj1YGgKbvjC4HOAo3AHxpuaUAYxGiyXY3g3%2FBN57vgbYy0eGeSMnQFP5H4o2OARayA32eNQpP6nb7aw6gC9ipfGCYk05%2Ftsdt%2FgWk0J19antaVNDzt6NK5106EI0NpTumDwU1XynQJJJw%3D%3D","environmentVariables":{"GIPHY_KEY":"fMoQ2Ix7Y5q6kyVyt12GJ9ta8TIwSE0d","YT_KEY":"AIzaSyDkSAq_bDUmT4_XSIFDLsuWIyPdSuZMrlo","FIREBASE_CONFIG":"{\"projectId\":\"anime-list-360918\",\"storageBucket\":\"anime-list-360918.appspot.com\"}","GCLOUD_PROJECT":"anime-list-360918","EVENTARC_CLOUD_EVENT_SOURCE":"projects/anime-list-360918/locations/us-central1/functions/api"},"runtime":"nodejs18","buildId":"e9ac6b9a-2a7d-4119-be7c-59d0d434c0fd","buildEnvironmentVariables":{"GOOGLE_NODE_RUN_SCRIPTS":""},"buildName":"projects/692155030506/locations/us-central1/builds/e9ac6b9a-2a7d-4119-be7c-59d0d434c0fd","dockerRegistry":"ARTIFACT_REGISTRY","automaticUpdatePolicy":{},"buildServiceAccount":"692155030506-compute@developer.gserviceaccount.com"},"versionId":"19","updateTime":"2024-08-09T19:20:24Z","buildId":"1699ad20-e5a0-4fd2-b9fa-833cf0bd0337","buildName":"projects/692155030506/locations/us-central1/builds/1699ad20-e5a0-4fd2-b9fa-833cf0bd0337"}}
[debug] [2024-08-09T19:21:13.303Z] [update-default-us-central1-api] Retrying task index 0
[debug] [2024-08-09T19:21:13.314Z] >>> [apiv2][query] GET https://cloudfunctions.googleapis.com/v1/operations/YW5pbWUtbGlzdC0zNjA5MTgvdXMtY2VudHJhbDEvYXBpL1VfWjlPa0Vpc0xF [none]
[debug] [2024-08-09T19:21:13.741Z] <<< [apiv2][status] GET https://cloudfunctions.googleapis.com/v1/operations/YW5pbWUtbGlzdC0zNjA5MTgvdXMtY2VudHJhbDEvYXBpL1VfWjlPa0Vpc0xF 200
[debug] [2024-08-09T19:21:13.741Z] <<< [apiv2][body] GET https://cloudfunctions.googleapis.com/v1/operations/YW5pbWUtbGlzdC0zNjA5MTgvdXMtY2VudHJhbDEvYXBpL1VfWjlPa0Vpc0xF {"name":"operations/YW5pbWUtbGlzdC0zNjA5MTgvdXMtY2VudHJhbDEvYXBpL1VfWjlPa0Vpc0xF","metadata":{"@type":"type.googleapis.com/google.cloud.functions.v1.OperationMetadataV1","target":"projects/anime-list-360918/locations/us-central1/functions/api","type":"UPDATE_FUNCTION","request":{"@type":"type.googleapis.com/google.cloud.functions.v1.CloudFunction","name":"projects/anime-list-360918/locations/us-central1/functions/api","httpsTrigger":{"url":"https://us-central1-anime-list-360918.cloudfunctions.net/api","securityLevel":"SECURE_ALWAYS"},"status":"ACTIVE","entryPoint":"api","updateTime":"2024-08-09T19:18:16.792Z","versionId":"18","labels":{"deployment-tool":"cli-firebase","firebase-functions-hash":"4619ec7e9f3880fbaa417dabf7dffb052a691874"},"sourceUploadUrl":"https://storage.googleapis.com/uploads-949409655312.us-central1.cloudfunctions.appspot.com/0603ddb6-2001-4380-86ba-e341a9d48d9b.zip?GoogleAccessId=service-692155030506@gcf-admin-robot.iam.gserviceaccount.com&Expires=1723233023&Signature=LaCTf9fG38tu7SMzIKNqfgwSSI%2F7CWw%2FhmeXoeM%2FXvYOR8ZEQ93Hoya6VYiKk92QDSQo5bcQrFfKjXvIYFJ%2Fk1vMlmVWvSY1GE4onkdwlnS0dgNJCFwhOV4zwk9uVR627aeijvxCV8MI2uoex9C9QmW%2Bwndejbt8%2Fx%2FY8kqEPRRj0UAndoBUedUqDS2WdxWf3aEvmJ1JGAj1YGgKbvjC4HOAo3AHxpuaUAYxGiyXY3g3%2FBN57vgbYy0eGeSMnQFP5H4o2OARayA32eNQpP6nb7aw6gC9ipfGCYk05%2Ftsdt%2FgWk0J19antaVNDzt6NK5106EI0NpTumDwU1XynQJJJw%3D%3D","environmentVariables":{"GIPHY_KEY":"fMoQ2Ix7Y5q6kyVyt12GJ9ta8TIwSE0d","YT_KEY":"AIzaSyDkSAq_bDUmT4_XSIFDLsuWIyPdSuZMrlo","FIREBASE_CONFIG":"{\"projectId\":\"anime-list-360918\",\"storageBucket\":\"anime-list-360918.appspot.com\"}","GCLOUD_PROJECT":"anime-list-360918","EVENTARC_CLOUD_EVENT_SOURCE":"projects/anime-list-360918/locations/us-central1/functions/api"},"runtime":"nodejs18","buildId":"e9ac6b9a-2a7d-4119-be7c-59d0d434c0fd","buildEnvironmentVariables":{"GOOGLE_NODE_RUN_SCRIPTS":""},"buildName":"projects/692155030506/locations/us-central1/builds/e9ac6b9a-2a7d-4119-be7c-59d0d434c0fd","dockerRegistry":"ARTIFACT_REGISTRY","automaticUpdatePolicy":{},"buildServiceAccount":"692155030506-compute@developer.gserviceaccount.com"},"versionId":"19","updateTime":"2024-08-09T19:20:24Z","buildId":"1699ad20-e5a0-4fd2-b9fa-833cf0bd0337","buildName":"projects/692155030506/locations/us-central1/builds/1699ad20-e5a0-4fd2-b9fa-833cf0bd0337"}}
[debug] [2024-08-09T19:21:23.753Z] [update-default-us-central1-api] Retrying task index 0
[debug] [2024-08-09T19:21:23.760Z] >>> [apiv2][query] GET https://cloudfunctions.googleapis.com/v1/operations/YW5pbWUtbGlzdC0zNjA5MTgvdXMtY2VudHJhbDEvYXBpL1VfWjlPa0Vpc0xF [none]
[debug] [2024-08-09T19:21:24.120Z] <<< [apiv2][status] GET https://cloudfunctions.googleapis.com/v1/operations/YW5pbWUtbGlzdC0zNjA5MTgvdXMtY2VudHJhbDEvYXBpL1VfWjlPa0Vpc0xF 200
[debug] [2024-08-09T19:21:24.120Z] <<< [apiv2][body] GET https://cloudfunctions.googleapis.com/v1/operations/YW5pbWUtbGlzdC0zNjA5MTgvdXMtY2VudHJhbDEvYXBpL1VfWjlPa0Vpc0xF {"name":"operations/YW5pbWUtbGlzdC0zNjA5MTgvdXMtY2VudHJhbDEvYXBpL1VfWjlPa0Vpc0xF","metadata":{"@type":"type.googleapis.com/google.cloud.functions.v1.OperationMetadataV1","target":"projects/anime-list-360918/locations/us-central1/functions/api","type":"UPDATE_FUNCTION","request":{"@type":"type.googleapis.com/google.cloud.functions.v1.CloudFunction","name":"projects/anime-list-360918/locations/us-central1/functions/api","httpsTrigger":{"url":"https://us-central1-anime-list-360918.cloudfunctions.net/api","securityLevel":"SECURE_ALWAYS"},"status":"ACTIVE","entryPoint":"api","updateTime":"2024-08-09T19:18:16.792Z","versionId":"18","labels":{"deployment-tool":"cli-firebase","firebase-functions-hash":"4619ec7e9f3880fbaa417dabf7dffb052a691874"},"sourceUploadUrl":"https://storage.googleapis.com/uploads-949409655312.us-central1.cloudfunctions.appspot.com/0603ddb6-2001-4380-86ba-e341a9d48d9b.zip?GoogleAccessId=service-692155030506@gcf-admin-robot.iam.gserviceaccount.com&Expires=1723233023&Signature=LaCTf9fG38tu7SMzIKNqfgwSSI%2F7CWw%2FhmeXoeM%2FXvYOR8ZEQ93Hoya6VYiKk92QDSQo5bcQrFfKjXvIYFJ%2Fk1vMlmVWvSY1GE4onkdwlnS0dgNJCFwhOV4zwk9uVR627aeijvxCV8MI2uoex9C9QmW%2Bwndejbt8%2Fx%2FY8kqEPRRj0UAndoBUedUqDS2WdxWf3aEvmJ1JGAj1YGgKbvjC4HOAo3AHxpuaUAYxGiyXY3g3%2FBN57vgbYy0eGeSMnQFP5H4o2OARayA32eNQpP6nb7aw6gC9ipfGCYk05%2Ftsdt%2FgWk0J19antaVNDzt6NK5106EI0NpTumDwU1XynQJJJw%3D%3D","environmentVariables":{"GIPHY_KEY":"fMoQ2Ix7Y5q6kyVyt12GJ9ta8TIwSE0d","YT_KEY":"AIzaSyDkSAq_bDUmT4_XSIFDLsuWIyPdSuZMrlo","FIREBASE_CONFIG":"{\"projectId\":\"anime-list-360918\",\"storageBucket\":\"anime-list-360918.appspot.com\"}","GCLOUD_PROJECT":"anime-list-360918","EVENTARC_CLOUD_EVENT_SOURCE":"projects/anime-list-360918/locations/us-central1/functions/api"},"runtime":"nodejs18","buildId":"e9ac6b9a-2a7d-4119-be7c-59d0d434c0fd","buildEnvironmentVariables":{"GOOGLE_NODE_RUN_SCRIPTS":""},"buildName":"projects/692155030506/locations/us-central1/builds/e9ac6b9a-2a7d-4119-be7c-59d0d434c0fd","dockerRegistry":"ARTIFACT_REGISTRY","automaticUpdatePolicy":{},"buildServiceAccount":"692155030506-compute@developer.gserviceaccount.com"},"versionId":"19","updateTime":"2024-08-09T19:20:24Z","buildId":"1699ad20-e5a0-4fd2-b9fa-833cf0bd0337","buildName":"projects/692155030506/locations/us-central1/builds/1699ad20-e5a0-4fd2-b9fa-833cf0bd0337"}}
[debug] [2024-08-09T19:21:34.124Z] [update-default-us-central1-api] Retrying task index 0
[debug] [2024-08-09T19:21:34.132Z] >>> [apiv2][query] GET https://cloudfunctions.googleapis.com/v1/operations/YW5pbWUtbGlzdC0zNjA5MTgvdXMtY2VudHJhbDEvYXBpL1VfWjlPa0Vpc0xF [none]
[debug] [2024-08-09T19:21:34.429Z] <<< [apiv2][status] GET https://cloudfunctions.googleapis.com/v1/operations/YW5pbWUtbGlzdC0zNjA5MTgvdXMtY2VudHJhbDEvYXBpL1VfWjlPa0Vpc0xF 200
[debug] [2024-08-09T19:21:34.430Z] <<< [apiv2][body] GET https://cloudfunctions.googleapis.com/v1/operations/YW5pbWUtbGlzdC0zNjA5MTgvdXMtY2VudHJhbDEvYXBpL1VfWjlPa0Vpc0xF {"name":"operations/YW5pbWUtbGlzdC0zNjA5MTgvdXMtY2VudHJhbDEvYXBpL1VfWjlPa0Vpc0xF","metadata":{"@type":"type.googleapis.com/google.cloud.functions.v1.OperationMetadataV1","target":"projects/anime-list-360918/locations/us-central1/functions/api","type":"UPDATE_FUNCTION","request":{"@type":"type.googleapis.com/google.cloud.functions.v1.CloudFunction","name":"projects/anime-list-360918/locations/us-central1/functions/api","httpsTrigger":{"url":"https://us-central1-anime-list-360918.cloudfunctions.net/api","securityLevel":"SECURE_ALWAYS"},"status":"ACTIVE","entryPoint":"api","updateTime":"2024-08-09T19:18:16.792Z","versionId":"18","labels":{"deployment-tool":"cli-firebase","firebase-functions-hash":"4619ec7e9f3880fbaa417dabf7dffb052a691874"},"sourceUploadUrl":"https://storage.googleapis.com/uploads-949409655312.us-central1.cloudfunctions.appspot.com/0603ddb6-2001-4380-86ba-e341a9d48d9b.zip?GoogleAccessId=service-692155030506@gcf-admin-robot.iam.gserviceaccount.com&Expires=1723233023&Signature=LaCTf9fG38tu7SMzIKNqfgwSSI%2F7CWw%2FhmeXoeM%2FXvYOR8ZEQ93Hoya6VYiKk92QDSQo5bcQrFfKjXvIYFJ%2Fk1vMlmVWvSY1GE4onkdwlnS0dgNJCFwhOV4zwk9uVR627aeijvxCV8MI2uoex9C9QmW%2Bwndejbt8%2Fx%2FY8kqEPRRj0UAndoBUedUqDS2WdxWf3aEvmJ1JGAj1YGgKbvjC4HOAo3AHxpuaUAYxGiyXY3g3%2FBN57vgbYy0eGeSMnQFP5H4o2OARayA32eNQpP6nb7aw6gC9ipfGCYk05%2Ftsdt%2FgWk0J19antaVNDzt6NK5106EI0NpTumDwU1XynQJJJw%3D%3D","environmentVariables":{"GIPHY_KEY":"fMoQ2Ix7Y5q6kyVyt12GJ9ta8TIwSE0d","YT_KEY":"AIzaSyDkSAq_bDUmT4_XSIFDLsuWIyPdSuZMrlo","FIREBASE_CONFIG":"{\"projectId\":\"anime-list-360918\",\"storageBucket\":\"anime-list-360918.appspot.com\"}","GCLOUD_PROJECT":"anime-list-360918","EVENTARC_CLOUD_EVENT_SOURCE":"projects/anime-list-360918/locations/us-central1/functions/api"},"runtime":"nodejs18","buildId":"e9ac6b9a-2a7d-4119-be7c-59d0d434c0fd","buildEnvironmentVariables":{"GOOGLE_NODE_RUN_SCRIPTS":""},"buildName":"projects/692155030506/locations/us-central1/builds/e9ac6b9a-2a7d-4119-be7c-59d0d434c0fd","dockerRegistry":"ARTIFACT_REGISTRY","automaticUpdatePolicy":{},"buildServiceAccount":"692155030506-compute@developer.gserviceaccount.com"},"versionId":"19","updateTime":"2024-08-09T19:20:24Z","buildId":"1699ad20-e5a0-4fd2-b9fa-833cf0bd0337","buildName":"projects/692155030506/locations/us-central1/builds/1699ad20-e5a0-4fd2-b9fa-833cf0bd0337"}}
